ComputerName=WKSTN-041
User=NOT_TRANSLATED
Sid=S-1-5-21-109274136-1242102717-3399047385-500
SidType=0
SourceName=Microsoft-Windows-PowerShell
Type=Warning
RecordNumber=10811
Keywords=None
TaskCategory=Execute a Remote Command
OpCode=On create calls
Message=Creating Scriptblock text (1 of 3):

#requires -version 3.0

try { Microsoft.PowerShell.Core\Set-StrictMode -Off } catch { }

$script:MyModule = $MyInvocation.MyCommand.ScriptBlock.Module

$script:ClassName = 'ROOT/StandardCimv2/MSFT_NetAdapter'
$script:ClassVersion = '1.0.0'
$script:ModuleVersion = '1.0'
$script:ObjectModelWrapper = [Microsoft.PowerShell.Cmdletization.Cim.CimCmdletAdapter]

$script:PrivateData = [System.Collections.Generic.Dictionary[string,string]]::new()

Microsoft.PowerShell.Core\Export-ModuleMember -Function @()
        

function __cmdletization_BindCommonParameters
{
    param(
        $__cmdletization_objectModelWrapper,
        $myPSBoundParameters
    )       
                

        if ($myPSBoundParameters.ContainsKey('CimSession')) { 
            $__cmdletization_objectModelWrapper.PSObject.Properties['CimSession'].Value = $myPSBoundParameters['CimSession'] 
        }
                    

        if ($myPSBoundParameters.ContainsKey('ThrottleLimit')) { 
            $__cmdletization_objectModelWrapper.PSObject.Properties['ThrottleLimit'].Value = $myPSBoundParameters['ThrottleLimit'] 
        }
                    

        if ($myPSBoundParameters.ContainsKey('AsJob')) { 
            $__cmdletization_objectModelWrapper.PSObject.Properties['AsJob'].Value = $myPSBoundParameters['AsJob'] 
        }
                    

}
                

function Get-NetAdapter
{
    [CmdletBinding(DefaultParameterSetName='ByName', PositionalBinding=$false)]
    
    [OutputType([Microsoft.Management.Infrastructure.CimInstance])]
[OutputType('Microsoft.Management.Infrastructure.CimInstance#ROOT/StandardCimv2/MSFT_NetAdapter')]

    param(
    
    [Parameter(ParameterSetName='ByName', Position=0)]
    [Alias('ifAlias','InterfaceAlias')]
    [ValidateNotNull()]
    [string[]]
    ${Name},

    [Parameter(ParameterSetName='ByInstanceID', Mandatory=$true, ValueFromPipelineByPropertyName=$true)]
    [Alias('ifDesc')]
    [ValidateNotNull()]
    [string[]]
    ${InterfaceDescription},

    [Parameter(ParameterSetName='ByIfIndex', Mandatory=$true, ValueFromPipelineByPropertyName=$true)]
    [Alias('ifIndex')]
    [ValidateNotNull()]
    [uint32[]]
    ${InterfaceIndex},

    [Parameter(ParameterSetName='ByName')]
    [Parameter(ParameterSetName='ByInstanceID')]
    [Parameter(ParameterSetName='ByIfIndex')]
    [switch]
    ${IncludeHidden},

    [Parameter(ParameterSetName='ByName')]
    [Parameter(ParameterSetName='ByInstanceID')]
    [Parameter(ParameterSetName='ByIfIndex')]
    [switch]
    ${Physical},

    [Parameter(ParameterSetName='ByName')]
    [Parameter(ParameterSetName='ByInstanceID')]
    [Parameter(ParameterSetName='ByIfIndex')]
    [Alias('Session')]
    [ValidateNotNullOrEmpty()]
    [CimSession[]]
    ${CimSession},

    [Parameter(ParameterSetName='ByName')]
    [Parameter(ParameterSetName='ByInstanceID')]
    [Parameter(ParameterSetName='ByIfIndex')]
    [int]
    ${ThrottleLimit},

    [Parameter(ParameterSetName='ByName')]
    [Parameter(ParameterSetName='ByInstanceID')]
    [Parameter(ParameterSetName='ByIfIndex')]
    [switch]
    ${AsJob})

    DynamicParam {
        try 
        {
            if (-not $__cmdletization_exceptionHasBeenThrown)
            {
                $__cmdletization_objectModelWrapper = $script:ObjectModelWrapper::new()
                $__cmdletization_objectModelWrapper.Initialize($PSCmdlet, $script:ClassName, $script:ClassVersion, $script:ModuleVersion, $script:PrivateData)

                if ($__cmdletization_objectModelWrapper -is [System.Management.Automation.IDynamicParameters])
                {
                    ([System.Management.Automation.IDynamicParameters]$__cmdletization_objectModelWrapper).GetDynamicParameters()
                }
            }
        }
        catch
        {
            $__cmdletization_exceptionHasBeenThrown = $true
            throw
        }
    }

    Begin {
        $__cmdletization_exceptionHasBeenThrown = $false
        try 
        {
            __cmdletization_BindCommonParameters $__cmdletization_objectModelWrapper $PSBoundParameters
            $__cmdletization_objectModelWrapper.BeginProcessing()
        }
        catch
        {
            $__cmdletization_exceptionHasBeenThrown = $true
            throw
        }
    }
        

    Process {
        try 
        {
            if (-not $__cmdletization_exceptionHasBeenThrown)
            {
    $__cmdletization_queryBuilder = $__cmdletization_objectModelWrapper.GetQueryBuilder()
    if ($PSBoundParameters.ContainsKey('Name') -and (@('ByName') -contains $PSCmdlet.ParameterSetName )) {
        $__cmdletization_values = @(${Name})
        $__cmdletization_queryBuilder.FilterByProperty('Name', $__cmdletization_values, $true, 'Default')
    }
    if ($PSBoundParameters.ContainsKey('InterfaceDescription') -and (@('ByInstanceID') -contains $PSCmdlet.ParameterSetName )) {
        $__cmdletization_values = @(${InterfaceDescription})
        $__cmdletization_queryBuilder.FilterByProperty('InterfaceDescription', $__cmdletization_values, $true, 'Default')
    }
    if ($PSBoundParameters.ContainsKey('InterfaceIndex') -and (@('ByIfIndex') -contains $PSCmdlet.ParameterSetName )) {
        $__cmdletization_values = @(${InterfaceIndex})
        $__cmdletization_queryBuilder.FilterByProperty('InterfaceIndex', $__cmdletization_values, $false, 'Default')
    }
    if ($PSBoundParameters.ContainsKey('IncludeHidden') -and (@('ByName', 'ByInstanceID', 'ByIfIndex') -contains $PSCmdlet.ParameterSetName )) {
    $__cmdletization_queryBuilder.AddQueryOption('IncludeHidden', ${IncludeHidden})
    }
    if ($PSBoundParameters.ContainsKey('Physical') -and (@('ByName', 'ByInstanceID', 'ByIfIndex') -contains $PSCmdlet.ParameterSetName )) {
    $__cmdletization_queryBuilder.AddQueryOption('Physical', ${Physical})
    }


    $__cmdletization_objectModelWrapper.ProcessRecord($__cmdletization_queryBuilder)
            }
        }
        catch
        {
            $__cmdletization_exceptionHasBeenThrown = $true
            throw
        }
    }
        

    End {
        try
        {
            if (-not $__cmdletization_exceptionHasBeenThrown)
            {
                $__cmdletization_objectModelWrapper.EndProcessing()
            }
        }
        catch
        {
            throw
        }
    }

    # .EXTERNALHELP MSFT_NetAdapter.cmdletDefinition.cdxml-Help.xml
}
Microsoft.PowerShell.Core\Export-ModuleMember -Function 'Get-NetAdapter' -Alias '*'
        

function Enable-NetAdapter
{
    [CmdletBinding(DefaultParameterSetName='ByName', SupportsShouldProcess=$true, ConfirmImpact='Medium', PositionalBinding=$false)]
    
    [OutputType([Microsoft.Management.Infrastructure.CimInstance])]
    param(
    
    [Parameter(ParameterSetName='ByName', Mandatory=$true, Position=0)]
    [Alias('ifAlias','InterfaceAlias')]
    [ValidateNotNull()]
    [string[]]
    ${Name},

    [Parameter(ParameterSetName='ByInstanceID', Mandatory=$true, ValueFromPipelineByPropertyName=$true)]
    [Alias('ifDesc')]
    [ValidateNotNull()]
    [string[]]
    ${InterfaceDescription},

    [Parameter(ParameterSetName='ByName')]
    [Parameter(ParameterSetName='ByInstanceID')]
    [switch]
    ${IncludeHidden},

    [Parameter(ParameterSetName='InputObject (cdxml)', Mandatory=$true, ValueFromPipeline=$true)]
    [PSTypeName('Microsoft.Management.Infrastructure.CimInstance#MSFT_NetAdapter')]
    [ValidateNotNull()]
    [ciminstance[]]
    ${InputObject},

    [Parameter(ParameterSetName='ByName')]
    [Parameter(ParameterSetName='ByInstanceID')]
    [Parameter(ParameterSetName='InputObject (cdxml)')]
    [switch]
    ${PassThru},

    [Parameter(ParameterSetName='ByName')]
    [Parameter(ParameterSetName='ByInstanceID')]
    [Parameter(ParameterSetName='InputObject (cdxml)')]
    [Alias('Session')]
    [ValidateNotNullOrEmpty()]
    [CimSession[]]
    ${CimSession},

    [Parameter(ParameterSetName='ByName')]
    [Parameter(ParameterSetName='ByInstanceID')]
    [Parameter(ParameterSetName='InputObject (cdxml)')]
    [int]
    ${ThrottleLimit},

    [Parameter(ParameterSetName='ByName')]
    [Parameter(ParameterSetName='ByInstanceID')]
    [Parameter(ParameterSetName='InputObject (cdxml)')]
    [switch]
    ${AsJob})

    DynamicParam {
        try 
        {
            if (-not $__cmdletization_exceptionHasBeenThrown)
            {
                $__cmdletization_objectModelWrapper = $script:ObjectModelWrapper::new()
                $__cmdletization_objectModelWrapper.Initialize($PSCmdlet, $script:ClassName, $script:ClassVersion, $script:ModuleVersion, $script:PrivateData)

                if ($__cmdletization_objectModelWrapper -is [System.Management.Automation.IDynamicParameters])
                {
                    ([System.Management.Automation.IDynamicParameters]$__cmdletization_objectModelWrapper).GetDynamicParameters()
                }
            }
        }
        catch
        {
            $__cmdletization_exceptionHasBeenThrown = $true
            throw
        }
    }

    Begin {
        $__cmdletization_exceptionHasBeenThrown = $false
        try 
        {
            __cmdletization_BindCommonParameters $__cmdletization_objectModelWrapper $PSBoundParameters
            $__cmdletization_objectModelWrapper.BeginProcessing()
        }
        catch
        {
            $__cmdletization_exceptionHasBeenThrown = $true
            throw
        }
    }
        

    Process {
        try 
        {
            if (-not $__cmdletization_exceptionHasBeenThrown)
            {
    $__cmdletization_queryBuilder = $__cmdletization_objectModelWrapper.GetQueryBuilder()
    if ($PSBoundParameters.ContainsKey('Name') -and (@('ByName') -contains $PSCmdlet.ParameterSetName )) {
        $__cmdletization_values = @(${Name})
        $__cmdletization_queryBuilder.FilterByProperty('Name', $__cmdletization_values, $true, 'Default')
    }
    if ($PSBoundParameters.ContainsKey('InterfaceDescription') -and (@('ByInstanceID') -contains $PSCmdlet.ParameterSetName )) {
        $__cmdletization_values = @(${InterfaceDescription})
        $__cmdletization_queryBuilder.FilterByProperty('InterfaceDescription', $__cmdletization_values, $true, 'Default')
    }
    if ($PSBoundParameters.ContainsKey('IncludeHidden') -and (@('ByName', 'ByInstanceID') -contains $PSCmdlet.ParameterSetName )) {
    $__cmdletization_queryBuilder.AddQueryOption('IncludeHidden', ${IncludeHidden})
    }


    $__cmdletization_methodParameters = [System.Collections.Generic.List[Microsoft.PowerShell.Cmdletization.MethodParameter]]::new()
    switch -exact ($PSCmdlet.ParameterSetName) { 
        { @('ByName', 'ByInstanceID', 'InputObject (cdxml)') -contains $_ } {
          [object]$__cmdletization_defaultValue = $null
          [object]$__cmdletization_defaultValueIsPresent = $false
          if ($PSBoundParameters.ContainsKey('PassThru')) {
            [object]$__cmdletization_value = ${PassThru}
            $__cmdletization_methodParameter = [Microsoft.PowerShell.Cmdletization.MethodParameter]@{Name = 'cim:OperationOption:PassThru'; ParameterType = 'System.Management.Automation.SwitchParameter'; Bindings = 'In'; Value = $__cmdletization_value; IsValuePresent = $true}
          } else {
            $__cmdletization_methodParameter = [Microsoft.PowerShell.Cmdletization.MethodParameter]@{Name = 'cim:OperationOption:PassThru'; ParameterType = 'System.Management.Automation.SwitchParameter'; Bindings = 'In'; Value = $__cmdletization_defaultValue; IsValuePresent = $__cmdletization_defaultValueIsPresent}
          }
          $__cmdletization_methodParameters.Add($__cmdletization_methodParameter)

          [object]$__cmdletization_defaultValue = $null
          [object]$__cmdletization_defaultValueIsPresent = $false
            $__cmdletization_methodParameter = [Microsoft.PowerShell.Cmdletization.MethodParameter]@{Name = 'CmdletOutput'; ParameterType = 'Microsoft.Management.Infrastructure.CimInstance'; Bindings = 'Out'; Value = $__cmdletization_defaultValue; IsValuePresent = $__cmdletization_defaultValueIsPresent}
          $__cmdletization_methodParameters.Add($__cmdletization_methodParameter)

      $__cmdletization_returnValue = $null
      $__cmdletization_methodInvocationInfo = [Microsoft.PowerShell.Cmdletization.MethodInvocationInfo]::new('Enable', $__cmdletization_methodParameters, $__cmdletization_returnValue)
      $__cmdletization_passThru = $false
            if ($PSBoundParameters.ContainsKey('InputObject')) {
                foreach ($x in $InputObject) { $__cmdletization_objectModelWrapper.ProcessRecord($x, $__cmdletization_methodInvocationInfo, $__cmdletization_PassThru) }
            } else {
                $__cmdletization_objectModelWrapper.ProcessRecord($__cmdletization_queryBuilder, $__cmdletization_methodInvocationInfo, $__cmdletization_PassThru)
            }
        }
    }

            }
        }
        catch
        {
            $__cmdletization_exceptionHasBeenThrown = $true
            throw
        }
    }
        

    End {
        try
        {
            if (-not $__cmdletization_exceptionHasBeenThrown)
            {
                $__cmdletization_objectModelWrapper.EndProcessing()
            }
        }
        catch
        {
            throw
        }
    }

    # .EXTERNALHELP MSFT_NetAdapter.cmdletDefinition.cdxml-Help.xml
}
Microsoft.PowerShell.Core\Export-ModuleMember -Function 'Enable-NetAdapter' -Alias '*'
        

function Disable-NetAdapter
{
    [CmdletBinding(DefaultParameterSetName='ByName', SupportsShouldProcess=$true, ConfirmImpact='High', PositionalBinding=$false)]
    
    [OutputType([Microsoft.Management.Infrastructure.CimInstance])]
    param(
    
    [Parameter(ParameterSetName='ByName', Mandatory=$true, Position=0)]
    [Alias('ifAlias','InterfaceAlias')]
    [ValidateNotNull()]
    [string[]]
    ${Name},

    [Parameter(ParameterSetName='ByInstanceID', Mandatory=$true, ValueFromPipelineByPropertyName=$true)]
    [Alias('ifDesc')]
    [ValidateNotNull()]
    [string[]]
    ${InterfaceDescription},

    [Parameter(ParameterSetName='ByName')]
    [Parameter(ParameterSetName='ByInstanceID')]
    [switch]
    ${IncludeHidden},

    [Parameter(ParameterSetName='InputObject (cdxml)', Mandatory=$true, ValueFromPipeline=$true)]
    [PSTypeName('Microsoft.Management.Infrastructure.CimInstance#MSFT_NetAdapter')]
    [ValidateNotNull()]
    [ciminstance[]]
    ${InputObject},

    [Parameter(ParameterSetName='ByName')]
    [Parameter(ParameterSetName='ByInstanceID')]
    [Parameter(ParameterSetName='InputObject (cdxml)')]
    [switch]
    ${PassThru},

    [Parameter(ParameterSetName='ByName')]
    [Parameter(ParameterSetName='ByInstanceID')]
    [Parameter(ParameterSetName='InputObject (cdxml)')]
    [Alias('Session')]
    [ValidateNotNullOrEmpty()]
    [CimSession[]]
    ${CimSession},

    [Parameter(ParameterSetName='ByName')]
    [Parameter(ParameterSetName='ByInstanceID')]
    [Parameter(ParameterSetName='InputObject (cdxml)')]
    [int]
    ${ThrottleLimit},

    [Parameter(ParameterSetName='ByName')]
    [Parameter(ParameterSetName='ByInstanceID')]
    [Parameter(ParameterSetName='InputObject (cdxml)')]
    [switch]
    ${AsJob})

    DynamicParam {
        try 
        {
            if (-not $__cmdletization_exceptionHasBeenThrown)
            {
                $__cmdletization_objectModelWrapper = $script:ObjectModelWrapper::new()
                $__cmdletization_objectModelWrapper.Initialize($PSCmdlet, $script:ClassName, $script:ClassVersion, $script:

ScriptBlock ID: c0f42c7c-4c55-4802-aa38-e6fdaf42352e
Path:","2026-09-06T12:40:52.492+0530",,"WKSTN-041",winserver,444,"//_::._=--/===-==-------==--====___=__=___(__):\r\r#","WinEventLog:Microsoft-Windows-PowerShell/Operational","WinEventLog:Microsoft-Windows-PowerShell/Operational","si-i-0a234205a24b7a812.prd-p-tlleq.splunkcloud.com",,,
"WKSTN-041",4104,5,None,"Microsoft-Windows-PowerShell/Operational","Creating Scriptblock text (1 of 1):
function __cmdletization_BindCommonParameters
{
    param(
        $__cmdletization_objectModelWrapper,
        $myPSBoundParameters
    )       
                

        if ($myPSBoundParameters.ContainsKey('CimSession')) { 
            $__cmdletization_objectModelWrapper.PSObject.Properties['CimSession'].Value = $myPSBoundParameters['CimSession'] 
        }
                    

        if ($myPSBoundParameters.ContainsKey('ThrottleLimit')) { 
            $__cmdletization_objectModelWrapper.PSObject.Properties['ThrottleLimit'].Value = $myPSBoundParameters['ThrottleLimit'] 
        }
                    

        if ($myPSBoundParameters.ContainsKey('AsJob')) { 
            $__cmdletization_objectModelWrapper.PSObject.Properties['AsJob'].Value = $myPSBoundParameters['AsJob'] 
        }
                    

}

ScriptBlock ID: c03c6d3d-55dd-4c4e-8f3e-5e155e7837bf
Path:","On create calls",10810,"c03c6d3d-55dd-4c4e-8f3e-5e155e7837bf","S-1-5-21-109274136-1242102717-3399047385-500",0,"Microsoft-Windows-PowerShell","Execute a Remote Command",Verbose,"NOT_TRANSLATED","09/06/2026 12:40:51.556 PM
LogName=Microsoft-Windows-PowerShell/Operational
EventCode=4104
EventType=5
ComputerName=WKSTN-041
User=NOT_TRANSLATED
Sid=S-1-5-21-109274136-1242102717-3399047385-500
SidType=0
SourceName=Microsoft-Windows-PowerShell
Type=Verbose
RecordNumber=10810
Keywords=None
TaskCategory=Execute a Remote Command
OpCode=On create calls
Message=Creating Scriptblock text (1 of 1):
function __cmdletization_BindCommonParameters
{
    param(
        $__cmdletization_objectModelWrapper,
        $myPSBoundParameters
    )       
                

        if ($myPSBoundParameters.ContainsKey('CimSession')) { 
            $__cmdletization_objectModelWrapper.PSObject.Properties['CimSession'].Value = $myPSBoundParameters['CimSession'] 
        }
                    

        if ($myPSBoundParameters.ContainsKey('ThrottleLimit')) { 
            $__cmdletization_objectModelWrapper.PSObject.Properties['ThrottleLimit'].Value = $myPSBoundParameters['ThrottleLimit'] 
        }
                    

        if ($myPSBoundParameters.ContainsKey('AsJob')) { 
            $__cmdletization_objectModelWrapper.PSObject.Properties['AsJob'].Value = $myPSBoundParameters['AsJob'] 
        }
                    

}

ScriptBlock ID: c03c6d3d-55dd-4c4e-8f3e-5e155e7837bf
Path:","2026-09-06T12:40:51.556+0530",,"WKSTN-041",winserver,42,"//_::._=--/===-==-------==--====___=__=___(__):\r_\r","WinEventLog:Microsoft-Windows-PowerShell/Operational","WinEventLog:Microsoft-Windows-PowerShell/Operational","si-i-0a234205a24b7a812.prd-p-tlleq.splunkcloud.com",,,
"WKSTN-041",4104,5,None,"Microsoft-Windows-PowerShell/Operational","Creating Scriptblock text (1 of 1):
Set-Alias -Name gcls -Value Get-CimClass -Option ReadOnly, AllScope -ErrorAction SilentlyContinue

ScriptBlock ID: 6a1d4e05-c9d3-4b2f-a515-7f8ad11bdd5c
Path:","On create calls",10809,"6a1d4e05-c9d3-4b2f-a515-7f8ad11bdd5c","S-1-5-21-109274136-1242102717-3399047385-500",0,"Microsoft-Windows-PowerShell","Execute a Remote Command",Verbose,"NOT_TRANSLATED","09/06/2026 12:40:50.524 PM
LogName=Microsoft-Windows-PowerShell/Operational
EventCode=4104
EventType=5
ComputerName=WKSTN-041
User=NOT_TRANSLATED
Sid=S-1-5-21-109274136-1242102717-3399047385-500
SidType=0
SourceName=Microsoft-Windows-PowerShell
Type=Verbose
RecordNumber=10809
Keywords=None
TaskCategory=Execute a Remote Command
OpCode=On create calls
Message=Creating Scriptblock text (1 of 1):
Set-Alias -Name gcls -Value Get-CimClass -Option ReadOnly, AllScope -ErrorAction SilentlyContinue

ScriptBlock ID: 6a1d4e05-c9d3-4b2f-a515-7f8ad11bdd5c
Path:","2026-09-06T12:40:50.524+0530",,"WKSTN-041",winserver,19,"//_::._=--/===-==-------==--====___=__=___(__):\r-_","WinEventLog:Microsoft-Windows-PowerShell/Operational","WinEventLog:Microsoft-Windows-PowerShell/Operational","si-i-0a234205a24b7a812.prd-p-tlleq.splunkcloud.com",,,
"WKSTN-041",4104,5,None,"Microsoft-Windows-PowerShell/Operational","Creating Scriptblock text (1 of 1):
Set-Alias -Name ncso -Value New-CimSessionOption -Option ReadOnly, AllScope -ErrorAction SilentlyContinue

ScriptBlock ID: f6fabac3-6c93-4af0-9a12-a2c4afb1a53f
Path:","On create calls",10808,"f6fabac3-6c93-4af0-9a12-a2c4afb1a53f","S-1-5-21-109274136-1242102717-3399047385-500",0,"Microsoft-Windows-PowerShell","Execute a Remote Command",Verbose,"NOT_TRANSLATED","09/06/2026 12:40:50.524 PM
LogName=Microsoft-Windows-PowerShell/Operational
EventCode=4104
EventType=5
ComputerName=WKSTN-041
User=NOT_TRANSLATED
Sid=S-1-5-21-109274136-1242102717-3399047385-500
SidType=0
SourceName=Microsoft-Windows-PowerShell
Type=Verbose
RecordNumber=10808
Keywords=None
TaskCategory=Execute a Remote Command
OpCode=On create calls
Message=Creating Scriptblock text (1 of 1):
Set-Alias -Name ncso -Value New-CimSessionOption -Option ReadOnly, AllScope -ErrorAction SilentlyContinue

ScriptBlock ID: f6fabac3-6c93-4af0-9a12-a2c4afb1a53f
Path:","2026-09-06T12:40:50.524+0530",,"WKSTN-041",winserver,19,"//_::._=--/===-==-------==--====___=__=___(__):\r-_","WinEventLog:Microsoft-Windows-PowerShell/Operational","WinEventLog:Microsoft-Windows-PowerShell/Operational","si-i-0a234205a24b7a812.prd-p-tlleq.splunkcloud.com",,,
"WKSTN-041",4104,5,None,"Microsoft-Windows-PowerShell/Operational","Creating Scriptblock text (1 of 1):
Set-Alias -Name gcms -Value Get-CimSession -Option ReadOnly, AllScope -ErrorAction SilentlyContinue

ScriptBlock ID: 631ae595-ad93-4ac9-b99e-cf20eb3194b1
Path:","On create calls",10807,"631ae595-ad93-4ac9-b99e-cf20eb3194b1","S-1-5-21-109274136-1242102717-3399047385-500",0,"Microsoft-Windows-PowerShell","Execute a Remote Command",Verbose,"NOT_TRANSLATED","09/06/2026 12:40:50.524 PM
LogName=Microsoft-Windows-PowerShell/Operational
EventCode=4104
EventType=5
ComputerName=WKSTN-041
User=NOT_TRANSLATED
Sid=S-1-5-21-109274136-1242102717-3399047385-500
SidType=0
SourceName=Microsoft-Windows-PowerShell
Type=Verbose
RecordNumber=10807
Keywords=None
TaskCategory=Execute a Remote Command
OpCode=On create calls
Message=Creating Scriptblock text (1 of 1):
Set-Alias -Name gcms -Value Get-CimSession -Option ReadOnly, AllScope -ErrorAction SilentlyContinue

ScriptBlock ID: 631ae595-ad93-4ac9-b99e-cf20eb3194b1
Path:","2026-09-06T12:40:50.524+0530",,"WKSTN-041",winserver,19,"//_::._=--/===-==-------==--====___=__=___(__):\r-_","WinEventLog:Microsoft-Windows-PowerShell/Operational","WinEventLog:Microsoft-Windows-PowerShell/Operational","si-i-0a234205a24b7a812.prd-p-tlleq.splunkcloud.com",,,
"WKSTN-041",4104,5,None,"Microsoft-Windows-PowerShell/Operational","Creating Scriptblock text (1 of 1):
Set-Alias -Name rcms -Value Remove-cimSession -Option ReadOnly, AllScope -ErrorAction SilentlyContinue

ScriptBlock ID: 281a69ae-2420-4353-aa92-9411c7fa3387
Path:","On create calls",10806,"281a69ae-2420-4353-aa92-9411c7fa3387","S-1-5-21-109274136-1242102717-3399047385-500",0,"Microsoft-Windows-PowerShell","Execute a Remote Command",Verbose,"NOT_TRANSLATED","09/06/2026 12:40:50.524 PM
LogName=Microsoft-Windows-PowerShell/Operational
EventCode=4104
EventType=5
ComputerName=WKSTN-041
User=NOT_TRANSLATED
Sid=S-1-5-21-109274136-1242102717-3399047385-500
SidType=0
SourceName=Microsoft-Windows-PowerShell
Type=Verbose
RecordNumber=10806
Keywords=None
TaskCategory=Execute a Remote Command
OpCode=On create calls
Message=Creating Scriptblock text (1 of 1):
Set-Alias -Name rcms -Value Remove-cimSession -Option ReadOnly, AllScope -ErrorAction SilentlyContinue

ScriptBlock ID: 281a69ae-2420-4353-aa92-9411c7fa3387
Path:","2026-09-06T12:40:50.524+0530",,"WKSTN-041",winserver,19,"//_::._=--/===-==-------==--====___=__=___(__):\r-_","WinEventLog:Microsoft-Windows-PowerShell/Operational","WinEventLog:Microsoft-Windows-PowerShell/Operational","si-i-0a234205a24b7a812.prd-p-tlleq.splunkcloud.com",,,
"WKSTN-041",4104,5,None,"Microsoft-Windows-PowerShell/Operational","Creating Scriptblock text (1 of 1):
Set-Alias -Name ncms -Value New-CimSession -Option ReadOnly, AllScope -ErrorAction SilentlyContinue

ScriptBlock ID: 376035cf-ad06-4aee-a158-4b4c1b53b963
Path:","On create calls",10805,"376035cf-ad06-4aee-a158-4b4c1b53b963","S-1-5-21-109274136-1242102717-3399047385-500",0,"Microsoft-Windows-PowerShell","Execute a Remote Command",Verbose,"NOT_TRANSLATED","09/06/2026 12:40:50.524 PM
LogName=Microsoft-Windows-PowerShell/Operational
EventCode=4104
EventType=5
ComputerName=WKSTN-041
User=NOT_TRANSLATED
Sid=S-1-5-21-109274136-1242102717-3399047385-500
SidType=0
SourceName=Microsoft-Windows-PowerShell
Type=Verbose
RecordNumber=10805
Keywords=None
TaskCategory=Execute a Remote Command
OpCode=On create calls
Message=Creating Scriptblock text (1 of 1):
Set-Alias -Name ncms -Value New-CimSession -Option ReadOnly, AllScope -ErrorAction SilentlyContinue

ScriptBlock ID: 376035cf-ad06-4aee-a158-4b4c1b53b963
Path:","2026-09-06T12:40:50.524+0530",,"WKSTN-041",winserver,19,"//_::._=--/===-==-------==--====___=__=___(__):\r-_","WinEventLog:Microsoft-Windows-PowerShell/Operational","WinEventLog:Microsoft-Windows-PowerShell/Operational","si-i-0a234205a24b7a812.prd-p-tlleq.splunkcloud.com",,,
"WKSTN-041",4104,5,None,"Microsoft-Windows-PowerShell/Operational","Creating Scriptblock text (1 of 1):
Set-Alias -Name rcie -Value Register-CimIndicationEvent -Option ReadOnly, AllScope -ErrorAction SilentlyContinue

ScriptBlock ID: d6a903b5-d95f-46e5-96e6-83df589ef8a1
Path:","On create calls",10804,"d6a903b5-d95f-46e5-96e6-83df589ef8a1","S-1-5-21-109274136-1242102717-3399047385-500",0,"Microsoft-Windows-PowerShell","Execute a Remote Command",Verbose,"NOT_TRANSLATED","09/06/2026 12:40:50.524 PM
LogName=Microsoft-Windows-PowerShell/Operational
EventCode=4104
EventType=5
ComputerName=WKSTN-041
User=NOT_TRANSLATED
Sid=S-1-5-21-109274136-1242102717-3399047385-500
SidType=0
SourceName=Microsoft-Windows-PowerShell
Type=Verbose
RecordNumber=10804
Keywords=None
TaskCategory=Execute a Remote Command
OpCode=On create calls
Message=Creating Scriptblock text (1 of 1):
Set-Alias -Name rcie -Value Register-CimIndicationEvent -Option ReadOnly, AllScope -ErrorAction SilentlyContinue

ScriptBlock ID: d6a903b5-d95f-46e5-96e6-83df589ef8a1
Path:","2026-09-06T12:40:50.524+0530",,"WKSTN-041",winserver,19,"//_::._=--/===-==-------==--====___=__=___(__):\r-_","WinEventLog:Microsoft-Windows-PowerShell/Operational","WinEventLog:Microsoft-Windows-PowerShell/Operational","si-i-0a234205a24b7a812.prd-p-tlleq.splunkcloud.com",,,
"WKSTN-041",4104,5,None,"Microsoft-Windows-PowerShell/Operational","Creating Scriptblock text (1 of 1):
Set-Alias -Name gcai -Value Get-CimAssociatedInstance -Option ReadOnly, AllScope -ErrorAction SilentlyContinue

ScriptBlock ID: e4bda5c5-dbd6-468d-a638-b67998ab0407
Path:","On create calls",10803,"e4bda5c5-dbd6-468d-a638-b67998ab0407","S-1-5-21-109274136-1242102717-3399047385-500",0,"Microsoft-Windows-PowerShell","Execute a Remote Command",Verbose,"NOT_TRANSLATED","09/06/2026 12:40:50.524 PM
LogName=Microsoft-Windows-PowerShell/Operational
EventCode=4104
EventType=5
ComputerName=WKSTN-041
User=NOT_TRANSLATED
Sid=S-1-5-21-109274136-1242102717-3399047385-500
SidType=0
SourceName=Microsoft-Windows-PowerShell
Type=Verbose
RecordNumber=10803
Keywords=None
TaskCategory=Execute a Remote Command
OpCode=On create calls
Message=Creating Scriptblock text (1 of 1):
Set-Alias -Name gcai -Value Get-CimAssociatedInstance -Option ReadOnly, AllScope -ErrorAction SilentlyContinue

ScriptBlock ID: e4bda5c5-dbd6-468d-a638-b67998ab0407
Path:","2026-09-06T12:40:50.524+0530",,"WKSTN-041",winserver,19,"//_::._=--/===-==-------==--====___=__=___(__):\r-_","WinEventLog:Microsoft-Windows-PowerShell/Operational","WinEventLog:Microsoft-Windows-PowerShell/Operational","si-i-0a234205a24b7a812.prd-p-tlleq.splunkcloud.com",,,
"WKSTN-041",4104,5,None,"Microsoft-Windows-PowerShell/Operational","Creating Scriptblock text (1 of 1):
Set-Alias -Name icim -Value Invoke-CimMethod -Option ReadOnly, AllScope -ErrorAction SilentlyContinue

ScriptBlock ID: 1cffb311-537b-4fd4-8a1e-35d77697e56f
Path:","On create calls",10802,"1cffb311-537b-4fd4-8a1e-35d77697e56f","S-1-5-21-109274136-1242102717-3399047385-500",0,"Microsoft-Windows-PowerShell","Execute a Remote Command",Verbose,"NOT_TRANSLATED","09/06/2026 12:40:50.524 PM
LogName=Microsoft-Windows-PowerShell/Operational
EventCode=4104
EventType=5
ComputerName=WKSTN-041
User=NOT_TRANSLATED
Sid=S-1-5-21-109274136-1242102717-3399047385-500
SidType=0
SourceName=Microsoft-Windows-PowerShell
Type=Verbose
RecordNumber=10802
Keywords=None
TaskCategory=Execute a Remote Command
OpCode=On create calls
Message=Creating Scriptblock text (1 of 1):
Set-Alias -Name icim -Value Invoke-CimMethod -Option ReadOnly, AllScope -ErrorAction SilentlyContinue

ScriptBlock ID: 1cffb311-537b-4fd4-8a1e-35d77697e56f
Path:","2026-09-06T12:40:50.524+0530",,"WKSTN-041",winserver,19,"//_::._=--/===-==-------==--====___=__=___(__):\r-_","WinEventLog:Microsoft-Windows-PowerShell/Operational","WinEventLog:Microsoft-Windows-PowerShell/Operational","si-i-0a234205a24b7a812.prd-p-tlleq.splunkcloud.com",,,
"WKSTN-041",4104,5,None,"Microsoft-Windows-PowerShell/Operational","Creating Scriptblock text (1 of 1):
Set-Alias -Name rcim -Value Remove-cimInstance -Option ReadOnly, AllScope -ErrorAction SilentlyContinue

ScriptBlock ID: a3380f78-9384-4bb1-acef-59221e0a95ea
Path:","On create calls",10801,"a3380f78-9384-4bb1-acef-59221e0a95ea","S-1-5-21-109274136-1242102717-3399047385-500",0,"Microsoft-Windows-PowerShell","Execute a Remote Command",Verbose,"NOT_TRANSLATED","09/06/2026 12:40:50.524 PM
LogName=Microsoft-Windows-PowerShell/Operational
EventCode=4104
EventType=5
ComputerName=WKSTN-041
User=NOT_TRANSLATED
Sid=S-1-5-21-109274136-1242102717-3399047385-500
SidType=0
SourceName=Microsoft-Windows-PowerShell
Type=Verbose
RecordNumber=10801
Keywords=None
TaskCategory=Execute a Remote Command
OpCode=On create calls
Message=Creating Scriptblock text (1 of 1):
Set-Alias -Name rcim -Value Remove-cimInstance -Option ReadOnly, AllScope -ErrorAction SilentlyContinue

ScriptBlock ID: a3380f78-9384-4bb1-acef-59221e0a95ea
Path:","2026-09-06T12:40:50.524+0530",,"WKSTN-041",winserver,19,"//_::._=--/===-==-------==--====___=__=___(__):\r-_","WinEventLog:Microsoft-Windows-PowerShell/Operational","WinEventLog:Microsoft-Windows-PowerShell/Operational","si-i-0a234205a24b7a812.prd-p-tlleq.splunkcloud.com",,,
"WKSTN-041",4104,5,None,"Microsoft-Windows-PowerShell/Operational","Creating Scriptblock text (1 of 1):
Set-Alias -Name ncim -Value New-CimInstance  -Option ReadOnly, AllScope -ErrorAction SilentlyContinue

ScriptBlock ID: c0670c51-d90a-48f3-aa86-38484527c785
Path:","On create calls",10800,"c0670c51-d90a-48f3-aa86-38484527c785","S-1-5-21-109274136-1242102717-3399047385-500",0,"Microsoft-Windows-PowerShell","Execute a Remote Command",Verbose,"NOT_TRANSLATED","09/06/2026 12:40:50.524 PM
LogName=Microsoft-Windows-PowerShell/Operational
EventCode=4104
EventType=5
ComputerName=WKSTN-041
User=NOT_TRANSLATED
Sid=S-1-5-21-109274136-1242102717-3399047385-500
SidType=0
SourceName=Microsoft-Windows-PowerShell
Type=Verbose
RecordNumber=10800
Keywords=None
TaskCategory=Execute a Remote Command
OpCode=On create calls
Message=Creating Scriptblock text (1 of 1):
Set-Alias -Name ncim -Value New-CimInstance  -Option ReadOnly, AllScope -ErrorAction SilentlyContinue

ScriptBlock ID: c0670c51-d90a-48f3-aa86-38484527c785
Path:","2026-09-06T12:40:50.524+0530",,"WKSTN-041",winserver,19,"//_::._=--/===-==-------==--====___=__=___(__):\r-_","WinEventLog:Microsoft-Windows-PowerShell/Operational","WinEventLog:Microsoft-Windows-PowerShell/Operational","si-i-0a234205a24b7a812.prd-p-tlleq.splunkcloud.com",,,
"WKSTN-041",4104,5,None,"Microsoft-Windows-PowerShell/Operational","Creating Scriptblock text (1 of 1):
Set-Alias -Name scim -Value Set-CimInstance -Option ReadOnly, AllScope -ErrorAction SilentlyContinue

ScriptBlock ID: 257c5c2f-7342-4dbc-8551-9129a50862d7
Path:","On create calls",10799,"257c5c2f-7342-4dbc-8551-9129a50862d7","S-1-5-21-109274136-1242102717-3399047385-500",0,"Microsoft-Windows-PowerShell","Execute a Remote Command",Verbose,"NOT_TRANSLATED","09/06/2026 12:40:50.524 PM
LogName=Microsoft-Windows-PowerShell/Operational
EventCode=4104
EventType=5
ComputerName=WKSTN-041
User=NOT_TRANSLATED
Sid=S-1-5-21-109274136-1242102717-3399047385-500
SidType=0
SourceName=Microsoft-Windows-PowerShell
Type=Verbose
RecordNumber=10799
Keywords=None
TaskCategory=Execute a Remote Command
OpCode=On create calls
Message=Creating Scriptblock text (1 of 1):
Set-Alias -Name scim -Value Set-CimInstance -Option ReadOnly, AllScope -ErrorAction SilentlyContinue

ScriptBlock ID: 257c5c2f-7342-4dbc-8551-9129a50862d7
Path:","2026-09-06T12:40:50.524+0530",,"WKSTN-041",winserver,19,"//_::._=--/===-==-------==--====___=__=___(__):\r-_","WinEventLog:Microsoft-Windows-PowerShell/Operational","WinEventLog:Microsoft-Windows-PowerShell/Operational","si-i-0a234205a24b7a812.prd-p-tlleq.splunkcloud.com",,,
"WKSTN-041",4104,5,None,"Microsoft-Windows-PowerShell/Operational","Creating Scriptblock text (1 of 1):
Set-Alias -Name gcim -Value Get-CimInstance -Option ReadOnly, AllScope -ErrorAction SilentlyContinue

ScriptBlock ID: 32b20d9a-efb8-40a9-9a70-3077a4a1bfc9
Path:","On create calls",10798,"32b20d9a-efb8-40a9-9a70-3077a4a1bfc9","S-1-5-21-109274136-1242102717-3399047385-500",0,"Microsoft-Windows-PowerShell","Execute a Remote Command",Verbose,"NOT_TRANSLATED","09/06/2026 12:40:50.524 PM
LogName=Microsoft-Windows-PowerShell/Operational
EventCode=4104
EventType=5
ComputerName=WKSTN-041
User=NOT_TRANSLATED
Sid=S-1-5-21-109274136-1242102717-3399047385-500
SidType=0
SourceName=Microsoft-Windows-PowerShell
Type=Verbose
RecordNumber=10798
Keywords=None
TaskCategory=Execute a Remote Command
OpCode=On create calls
Message=Creating Scriptblock text (1 of 1):
Set-Alias -Name gcim -Value Get-CimInstance -Option ReadOnly, AllScope -ErrorAction SilentlyContinue

ScriptBlock ID: 32b20d9a-efb8-40a9-9a70-3077a4a1bfc9
Path:","2026-09-06T12:40:50.524+0530",,"WKSTN-041",winserver,19,"//_::._=--/===-==-------==--====___=__=___(__):\r-_","WinEventLog:Microsoft-Windows-PowerShell/Operational","WinEventLog:Microsoft-Windows-PowerShell/Operational","si-i-0a234205a24b7a812.prd-p-tlleq.splunkcloud.com",,,
"WKSTN-041",4104,3,None,"Microsoft-Windows-PowerShell/Operational","Creating Scriptblock text (1 of 1):

#requires -version 3.0

try { Microsoft.PowerShell.Core\Set-StrictMode -Off } catch { }

$script:MyModule = $MyInvocation.MyCommand.ScriptBlock.Module

$script:ClassName = 'ROOT/StandardCimv2/MSFT_NetUDPSetting'
$script:ClassVersion = '1.0.0'
$script:ModuleVersion = '1.0.0'
$script:ObjectModelWrapper = [Microsoft.PowerShell.Cmdletization.Cim.CimCmdletAdapter]

$script:PrivateData = [System.Collections.Generic.Dictionary[string,string]]::new()

Microsoft.PowerShell.Core\Export-ModuleMember -Function @()
        

function __cmdletization_BindCommonParameters
{
    param(
        $__cmdletization_objectModelWrapper,
        $myPSBoundParameters
    )       
                

        if ($myPSBoundParameters.ContainsKey('CimSession')) { 
            $__cmdletization_objectModelWrapper.PSObject.Properties['CimSession'].Value = $myPSBoundParameters['CimSession'] 
        }
                    

        if ($myPSBoundParameters.ContainsKey('ThrottleLimit')) { 
            $__cmdletization_objectModelWrapper.PSObject.Properties['ThrottleLimit'].Value = $myPSBoundParameters['ThrottleLimit'] 
        }
                    

        if ($myPSBoundParameters.ContainsKey('AsJob')) { 
            $__cmdletization_objectModelWrapper.PSObject.Properties['AsJob'].Value = $myPSBoundParameters['AsJob'] 
        }
                    

}
                

function Get-NetUDPSetting
{
    [CmdletBinding(DefaultParameterSetName='ByName', PositionalBinding=$false)]
    
    [OutputType([Microsoft.Management.Infrastructure.CimInstance])]
[OutputType('Microsoft.Management.Infrastructure.CimInstance#ROOT/StandardCimv2/MSFT_NetUDPSetting')]

    param(
    
    [Parameter(ParameterSetName='ByName', Position=0)]
    [ValidateNotNull()]
    [uint16[]]
    ${DynamicPortRangeStartPort},

    [Parameter(ParameterSetName='ByName', Position=1)]
    [ValidateNotNull()]
    [uint16[]]
    ${DynamicPortRangeNumberOfPorts},

    [Parameter(ParameterSetName='ByName')]
    [Alias('Session')]
    [ValidateNotNullOrEmpty()]
    [CimSession[]]
    ${CimSession},

    [Parameter(ParameterSetName='ByName')]
    [int]
    ${ThrottleLimit},

    [Parameter(ParameterSetName='ByName')]
    [switch]
    ${AsJob})

    DynamicParam {
        try 
        {
            if (-not $__cmdletization_exceptionHasBeenThrown)
            {
                $__cmdletization_objectModelWrapper = $script:ObjectModelWrapper::new()
                $__cmdletization_objectModelWrapper.Initialize($PSCmdlet, $script:ClassName, $script:ClassVersion, $script:ModuleVersion, $script:PrivateData)

                if ($__cmdletization_objectModelWrapper -is [System.Management.Automation.IDynamicParameters])
                {
                    ([System.Management.Automation.IDynamicParameters]$__cmdletization_objectModelWrapper).GetDynamicParameters()
                }
            }
        }
        catch
        {
            $__cmdletization_exceptionHasBeenThrown = $true
            throw
        }
    }

    Begin {
        $__cmdletization_exceptionHasBeenThrown = $false
        try 
        {
            __cmdletization_BindCommonParameters $__cmdletization_objectModelWrapper $PSBoundParameters
            $__cmdletization_objectModelWrapper.BeginProcessing()
        }
        catch
        {
            $__cmdletization_exceptionHasBeenThrown = $true
            throw
        }
    }
        

    Process {
        try 
        {
            if (-not $__cmdletization_exceptionHasBeenThrown)
            {
    $__cmdletization_queryBuilder = $__cmdletization_objectModelWrapper.GetQueryBuilder()
    if ($PSBoundParameters.ContainsKey('DynamicPortRangeStartPort') -and (@('ByName') -contains $PSCmdlet.ParameterSetName )) {
        $__cmdletization_values = @(${DynamicPortRangeStartPort})
        $__cmdletization_queryBuilder.FilterByProperty('DynamicPortRangeStartPort', $__cmdletization_values, $false, 'Default')
    }
    if ($PSBoundParameters.ContainsKey('DynamicPortRangeNumberOfPorts') -and (@('ByName') -contains $PSCmdlet.ParameterSetName )) {
        $__cmdletization_values = @(${DynamicPortRangeNumberOfPorts})
        $__cmdletization_queryBuilder.FilterByProperty('DynamicPortRangeNumberOfPorts', $__cmdletization_values, $false, 'Default')
    }


    $__cmdletization_objectModelWrapper.ProcessRecord($__cmdletization_queryBuilder)
            }
        }
        catch
        {
            $__cmdletization_exceptionHasBeenThrown = $true
            throw
        }
    }
        

    End {
        try
        {
            if (-not $__cmdletization_exceptionHasBeenThrown)
            {
                $__cmdletization_objectModelWrapper.EndProcessing()
            }
        }
        catch
        {
            throw
        }
    }

    # .EXTERNALHELP MSFT_NetUDPSetting.cdxml-Help.xml
}
Microsoft.PowerShell.Core\Export-ModuleMember -Function 'Get-NetUDPSetting' -Alias '*'
        

function Set-NetUDPSetting
{
    [CmdletBinding(DefaultParameterSetName='InputObject (cdxml)', SupportsShouldProcess=$true, ConfirmImpact='Medium', PositionalBinding=$false)]
    
    [OutputType([Microsoft.Management.Infrastructure.CimInstance])]
[OutputType('Microsoft.Management.Infrastructure.CimInstance#ROOT/StandardCimv2/MSFT_NetUDPSetting')]

    param(
    
    [Parameter(ParameterSetName='InputObject (cdxml)', ValueFromPipeline=$true)]
    [PSTypeName('Microsoft.Management.Infrastructure.CimInstance#MSFT_NetUDPSetting')]
    [ValidateNotNull()]
    [ciminstance[]]
    ${InputObject},

    [Parameter(ParameterSetName='InputObject (cdxml)')]
    [uint16]
    ${DynamicPortRangeStartPort},

    [Parameter(ParameterSetName='InputObject (cdxml)')]
    [uint16]
    ${DynamicPortRangeNumberOfPorts},

    [Parameter(ParameterSetName='InputObject (cdxml)')]
    [Alias('Session')]
    [ValidateNotNullOrEmpty()]
    [CimSession[]]
    ${CimSession},

    [Parameter(ParameterSetName='InputObject (cdxml)')]
    [int]
    ${ThrottleLimit},

    [Parameter(ParameterSetName='InputObject (cdxml)')]
    [switch]
    ${AsJob},

    [Parameter(ParameterSetName='InputObject (cdxml)')]
    [switch]
    ${PassThru})

    DynamicParam {
        try 
        {
            if (-not $__cmdletization_exceptionHasBeenThrown)
            {
                $__cmdletization_objectModelWrapper = $script:ObjectModelWrapper::new()
                $__cmdletization_objectModelWrapper.Initialize($PSCmdlet, $script:ClassName, $script:ClassVersion, $script:ModuleVersion, $script:PrivateData)

                if ($__cmdletization_objectModelWrapper -is [System.Management.Automation.IDynamicParameters])
                {
                    ([System.Management.Automation.IDynamicParameters]$__cmdletization_objectModelWrapper).GetDynamicParameters()
                }
            }
        }
        catch
        {
            $__cmdletization_exceptionHasBeenThrown = $true
            throw
        }
    }

    Begin {
        $__cmdletization_exceptionHasBeenThrown = $false
        try 
        {
            __cmdletization_BindCommonParameters $__cmdletization_objectModelWrapper $PSBoundParameters
            $__cmdletization_objectModelWrapper.BeginProcessing()
        }
        catch
        {
            $__cmdletization_exceptionHasBeenThrown = $true
            throw
        }
    }
        

    Process {
        try 
        {
            if (-not $__cmdletization_exceptionHasBeenThrown)
            {
    $__cmdletization_queryBuilder = $__cmdletization_objectModelWrapper.GetQueryBuilder()


    $__cmdletization_methodParameters = [System.Collections.Generic.List[Microsoft.PowerShell.Cmdletization.MethodParameter]]::new()
    switch -exact ($PSCmdlet.ParameterSetName) { 
        { @('InputObject (cdxml)') -contains $_ } {
          [object]$__cmdletization_defaultValue = $null
          [object]$__cmdletization_defaultValueIsPresent = $false
          if ($PSBoundParameters.ContainsKey('DynamicPortRangeStartPort')) {
            [object]$__cmdletization_value = ${DynamicPortRangeStartPort}
            $__cmdletization_methodParameter = [Microsoft.PowerShell.Cmdletization.MethodParameter]@{Name = 'DynamicPortRangeStartPort'; ParameterType = 'System.UInt16'; Bindings = 'In'; Value = $__cmdletization_value; IsValuePresent = $true}
          } else {
            $__cmdletization_methodParameter = [Microsoft.PowerShell.Cmdletization.MethodParameter]@{Name = 'DynamicPortRangeStartPort'; ParameterType = 'System.UInt16'; Bindings = 'In'; Value = $__cmdletization_defaultValue; IsValuePresent = $__cmdletization_defaultValueIsPresent}
          }
          $__cmdletization_methodParameters.Add($__cmdletization_methodParameter)

          [object]$__cmdletization_defaultValue = $null
          [object]$__cmdletization_defaultValueIsPresent = $false
          if ($PSBoundParameters.ContainsKey('DynamicPortRangeNumberOfPorts')) {
            [object]$__cmdletization_value = ${DynamicPortRangeNumberOfPorts}
            $__cmdletization_methodParameter = [Microsoft.PowerShell.Cmdletization.MethodParameter]@{Name = 'DynamicPortRangeNumberOfPorts'; ParameterType = 'System.UInt16'; Bindings = 'In'; Value = $__cmdletization_value; IsValuePresent = $true}
          } else {
            $__cmdletization_methodParameter = [Microsoft.PowerShell.Cmdletization.MethodParameter]@{Name = 'DynamicPortRangeNumberOfPorts'; ParameterType = 'System.UInt16'; Bindings = 'In'; Value = $__cmdletization_defaultValue; IsValuePresent = $__cmdletization_defaultValueIsPresent}
          }
          $__cmdletization_methodParameters.Add($__cmdletization_methodParameter)

      $__cmdletization_returnValue = $null
      $__cmdletization_methodInvocationInfo = [Microsoft.PowerShell.Cmdletization.MethodInvocationInfo]::new('cim:ModifyInstance', $__cmdletization_methodParameters, $__cmdletization_returnValue)
      $__cmdletization_passThru = $PSBoundParameters.ContainsKey('PassThru') -and $PassThru
            if ($PSBoundParameters.ContainsKey('InputObject')) {
                foreach ($x in $InputObject) { $__cmdletization_objectModelWrapper.ProcessRecord($x, $__cmdletization_methodInvocationInfo, $__cmdletization_PassThru) }
            } else {
                $__cmdletization_objectModelWrapper.ProcessRecord($__cmdletization_queryBuilder, $__cmdletization_methodInvocationInfo, $__cmdletization_PassThru)
            }
        }
    }

            }
        }
        catch
        {
            $__cmdletization_exceptionHasBeenThrown = $true
            throw
        }
    }
        

    End {
        try
        {
            if (-not $__cmdletization_exceptionHasBeenThrown)
            {
                $__cmdletization_objectModelWrapper.EndProcessing()
            }
        }
        catch
        {
            throw
        }
    }

    # .EXTERNALHELP MSFT_NetUDPSetting.cdxml-Help.xml
}
Microsoft.PowerShell.Core\Export-ModuleMember -Function 'Set-NetUDPSetting' -Alias '*'
        


ScriptBlock ID: eafdd600-1f17-4a07-9c43-3a59f21fdd11
Path:","On create calls",10797,"eafdd600-1f17-4a07-9c43-3a59f21fdd11","S-1-5-21-109274136-1242102717-3399047385-500",0,"Microsoft-Windows-PowerShell","Execute a Remote Command",Warning,"NOT_TRANSLATED","09/06/2026 12:40:50.142 PM
LogName=Microsoft-Windows-PowerShell/Operational
EventCode=4104
EventType=3
